Admin.exe: 000005E4: 11:54:13 []:>--------------------------------------------------------------<
Admin.exe: 000005E4: 11:54:13 [TUniServerModule]:Server First Init.
Admin.exe: 000005E4: 11:54:13 [TUniServerModule]:Starting HTTP Server on Port: 8191...
Admin.exe: 000005E4: 11:54:13 [TUniServerModule]:HTTP Server Started on Port: 8191
Admin.exe: 00003694: 11:54:41 [HandleFileRequest[127.0.0.1]]:File not found: D:\Desenvolvimento\Projeto Escola Online - Felipe\SVN Amazon\Academiadepregadores\Admin\favicon.ico
Admin.exe: 0000229C: 11:55:14 [HandleFileRequest[127.0.0.1]]:File not found: D:\Desenvolvimento\Projeto Escola Online - Felipe\SVN Amazon\Academiadepregadores\Admin\favicon.ico
Admin.exe: 000038C8: 12:46:22 []:>--------------------------------------------------------------<
Admin.exe: 000038C8: 12:46:22 [TUniServerModule]:Server First Init.
Admin.exe: 000038C8: 12:46:22 [TUniServerModule]:Global Cache Folder Erased. <7> Files deleted.
Admin.exe: 000038C8: 12:46:22 [TUniServerModule]:Starting HTTP Server on Port: 8191...
Admin.exe: 000038C8: 12:46:22 [TUniServerModule]:HTTP Server Started on Port: 8191
Admin.exe: 00003A8C: 12:46:42 [127.0.0.1]:EUniSessionException : Sessão expirada. : Addr: $0079E183
Admin.exe: 000038C8: 12:47:06 [TUniServerModule]:Shutting Down Server.
Admin.exe: 000038C8: 12:47:06 [TUniServerModule]:Stopping HTTP Server.
Admin.exe: 000038C8: 12:47:37 [TUniServerModule]:HTTP Server Stopped.
Admin.exe: 000038C8: 12:47:37 [TUniGUISessionManager]:Terminating Session manager.
Admin.exe: 000038C8: 12:47:38 [TUniGUISessionManager]:Stopping Cache Eraser...
Admin.exe: 000038C8: 12:47:38 [TUniGUISessionManager]:Cache Eraser Stopped.
Admin.exe: 000038C8: 12:47:38 [TUniGUISessionManager]:Destroying Worker Threads.
Admin.exe: 000038C8: 12:47:38 [TUniGUISessionManager]:Session manager terminated.
Admin.exe: 000038C8: 12:47:38 [TUniServerModule]:Server Shutdown Completed.
Admin.exe: 000038C8: 12:47:38 []:<-------------------------------------------------------------->
Admin.exe: 000038C8: 12:47:38 [Terminated]:Exit Code: 0
Admin.exe: 00002368: 12:48:07 []:>--------------------------------------------------------------<
Admin.exe: 00002368: 12:48:07 [TUniServerModule]:Server First Init.
Admin.exe: 00002368: 12:48:07 [TUniServerModule]:Starting HTTP Server on Port: 8191...
Admin.exe: 00002368: 12:48:07 [TUniServerModule]:HTTP Server Started on Port: 8191
Admin.exe: 00000CB4: 12:48:25 [127.0.0.1]:EUniSessionException : Sessão expirada. : Addr: $0079E183
Admin.exe: 00002558: 12:48:33 [HandleFileRequest[127.0.0.1]]:File not found: D:\Desenvolvimento\Projeto Escola Online - Felipe\SVN Amazon\Academiadepregadores\Admin\fonts\ecoicons\ecoicons.woff
Admin.exe: 00000CB4: 12:48:33 [HandleFileRequest[127.0.0.1]]:File not found: D:\Desenvolvimento\Projeto Escola Online - Felipe\SVN Amazon\Academiadepregadores\Admin\fonts\ecoicons\ecoicons.ttf
Admin.exe: 000017FC: 12:48:33 [HandleFileRequest[127.0.0.1]]:File not found: D:\Desenvolvimento\Projeto Escola Online - Felipe\SVN Amazon\Academiadepregadores\Admin\fonts\ecoicons\ecoicons.woff
Admin.exe: 00001E14: 12:55:36 []:>--------------------------------------------------------------<
Admin.exe: 00001E14: 12:55:36 [TUniServerModule]:Server First Init.
Admin.exe: 00001E14: 12:55:37 [TUniServerModule]:Global Cache Folder Erased. <7> Files deleted.
Admin.exe: 00001E14: 12:55:37 [TUniServerModule]:Starting HTTP Server on Port: 8191...
Admin.exe: 00001E14: 12:55:37 [TUniServerModule]:HTTP Server Started on Port: 8191
Admin.exe: 000032A8: 12:55:54 [127.0.0.1]:EUniSessionException : Sessão expirada. : Addr: $0079E183
Admin.exe: 00001DD0: 13:02:18 []:>--------------------------------------------------------------<
Admin.exe: 00001DD0: 13:02:18 [TUniServerModule]:Server First Init.
Admin.exe: 00001DD0: 13:02:18 [TUniServerModule]:Global Cache Folder Erased. <7> Files deleted.
Admin.exe: 00001DD0: 13:02:18 [TUniServerModule]:Starting HTTP Server on Port: 8191...
Admin.exe: 00001DD0: 13:02:18 [TUniServerModule]:HTTP Server Started on Port: 8191
Admin.exe: 00003448: 13:02:25 [127.0.0.1]:EUniSessionException : Sessão expirada. : Addr: $0079E183
Admin.exe: 00002E00: 13:02:28 [HandleFileRequest[127.0.0.1]]:File not found: D:\Desenvolvimento\Projeto Escola Online - Felipe\SVN Amazon\Academiadepregadores\Admin\favicon.ico
Admin.exe: 00002D08: 13:03:07 [HandleFileRequest[127.0.0.1]]:File not found: D:\Desenvolvimento\Projeto Escola Online - Felipe\SVN Amazon\Academiadepregadores\Admin\favicon.ico
Admin.exe: 00001DD0: 13:04:47 [TUniServerModule]:Shutting Down Server.
Admin.exe: 00001DD0: 13:04:47 [TUniServerModule]:Stopping HTTP Server.
Admin.exe: 00001DD0: 13:04:48 [TUniServerModule]:HTTP Server Stopped.
Admin.exe: 00001DD0: 13:04:48 [TUniGUISessionManager]:Terminating Session manager.
Admin.exe: 00001DD0: 13:04:48 [TUniGUISessionManager]:Stopping Cache Eraser...
Admin.exe: 00001DD0: 13:04:48 [TUniGUISessionManager]:Cache Eraser Stopped.
Admin.exe: 00001DD0: 13:04:48 [TUniGUISessionManager]:Destroying Worker Threads.
Admin.exe: 00001DD0: 13:04:48 [TUniGUISessionManager]:Session manager terminated.
Admin.exe: 00001DD0: 13:04:48 [TUniServerModule]:Server Shutdown Completed.
Admin.exe: 00001DD0: 13:04:48 []:<-------------------------------------------------------------->
Admin.exe: 00001DD0: 13:04:48 [Terminated]:Exit Code: 0
Admin.exe: 000030A4: 13:05:14 []:>--------------------------------------------------------------<
Admin.exe: 000030A4: 13:05:14 [TUniServerModule]:Server First Init.
Admin.exe: 000030A4: 13:05:14 [TUniServerModule]:Starting HTTP Server on Port: 8191...
Admin.exe: 000030A4: 13:05:14 [TUniServerModule]:HTTP Server Started on Port: 8191
Admin.exe: 00000F10: 13:05:32 [127.0.0.1]:EUniSessionException : Sessão expirada. : Addr: $0079E183
Admin.exe: 000030A4: 13:08:14 [TUniServerModule]:Shutting Down Server.
Admin.exe: 000030A4: 13:08:14 [TUniServerModule]:Stopping HTTP Server.
Admin.exe: 000030A4: 13:08:17 [TUniServerModule]:HTTP Server Stopped.
Admin.exe: 000030A4: 13:08:17 [TUniGUISessionManager]:Terminating Session manager.
Admin.exe: 000030A4: 13:08:17 [TUniGUISessionManager]:Stopping Cache Eraser...
Admin.exe: 000030A4: 13:08:17 [TUniGUISessionManager]:Cache Eraser Stopped.
Admin.exe: 000030A4: 13:08:17 [TUniGUISessionManager]:Destroying Worker Threads.
Admin.exe: 000030A4: 13:08:17 [TUniGUISessionManager]:Session manager terminated.
Admin.exe: 000030A4: 13:08:17 [TUniServerModule]:Server Shutdown Completed.
Admin.exe: 000030A4: 13:08:17 []:<-------------------------------------------------------------->
Admin.exe: 000030A4: 13:08:17 [Terminated]:Exit Code: 0
Admin.exe: 000020A4: 13:10:25 []:>--------------------------------------------------------------<
Admin.exe: 000020A4: 13:10:25 [TUniServerModule]:Server First Init.
Admin.exe: 000020A4: 13:10:25 [TUniServerModule]:Starting HTTP Server on Port: 8191...
Admin.exe: 000020A4: 13:10:25 [TUniServerModule]:HTTP Server Started on Port: 8191
Admin.exe: 000032F0: 13:10:44 [127.0.0.1]:EUniSessionException : Sessão expirada. : Addr: $0079E183
Admin.exe: 00002CEC: 13:14:14 []:>--------------------------------------------------------------<
Admin.exe: 00002CEC: 13:14:14 [TUniServerModule]:Server First Init.
Admin.exe: 00002CEC: 13:14:15 [TUniServerModule]:Global Cache Folder Erased. <7> Files deleted.
Admin.exe: 00002CEC: 13:14:15 [TUniServerModule]:Starting HTTP Server on Port: 8191...
Admin.exe: 00002CEC: 13:14:15 [TUniServerModule]:HTTP Server Started on Port: 8191
Admin.exe: 00003158: 13:14:18 [127.0.0.1]:EUniSessionException : Sessão expirada. : Addr: $0079E183
Admin.exe: 000025B0: 13:15:45 []:>--------------------------------------------------------------<
Admin.exe: 000025B0: 13:15:45 [TUniServerModule]:Server First Init.
Admin.exe: 000025B0: 13:15:45 [TUniServerModule]:Global Cache Folder Erased. <7> Files deleted.
Admin.exe: 000025B0: 13:15:46 [TUniServerModule]:Starting HTTP Server on Port: 8191...
Admin.exe: 000025B0: 13:15:46 [TUniServerModule]:HTTP Server Started on Port: 8191
Admin.exe: 000029BC: 13:15:52 [127.0.0.1]:EUniSessionException : Sessão expirada. : Addr: $0079E183
Admin.exe: 00003278: 13:41:26 []:>--------------------------------------------------------------<
Admin.exe: 00003278: 13:41:26 [TUniServerModule]:Server First Init.
Admin.exe: 00003278: 13:41:26 [TUniServerModule]:Global Cache Folder Erased. <7> Files deleted.
Admin.exe: 00003278: 13:41:26 [TUniServerModule]:Starting HTTP Server on Port: 8191...
Admin.exe: 00003278: 13:41:26 [TUniServerModule]:HTTP Server Started on Port: 8191
Admin.exe: 0000169C: 13:41:26 [127.0.0.1]:EUniSessionException : Sessão expirada. : Addr: $0079E183
Admin.exe: 00003278: 13:42:11 [TUniServerModule]:Shutting Down Server.
Admin.exe: 00003278: 13:42:11 [TUniServerModule]:Stopping HTTP Server.
Admin.exe: 00003278: 13:42:12 [TUniServerModule]:HTTP Server Stopped.
Admin.exe: 00003278: 13:42:12 [TUniGUISessionManager]:Terminating Session manager.
Admin.exe: 00003278: 13:42:12 [TUniGUISessionManager]:Stopping Cache Eraser...
Admin.exe: 00003278: 13:42:12 [TUniGUISessionManager]:Cache Eraser Stopped.
Admin.exe: 00003278: 13:42:12 [TUniGUISessionManager]:Destroying Worker Threads.
Admin.exe: 00003278: 13:42:12 [TUniGUISessionManager]:Session manager terminated.
Admin.exe: 00003278: 13:42:12 [TUniServerModule]:Server Shutdown Completed.
Admin.exe: 00003278: 13:42:12 []:<-------------------------------------------------------------->
Admin.exe: 00003278: 13:42:12 [Terminated]:Exit Code: 0
Admin.exe: 00000630: 13:43:57 []:>--------------------------------------------------------------<
Admin.exe: 00000630: 13:43:57 [TUniServerModule]:Server First Init.
Admin.exe: 00000630: 13:43:57 [TUniServerModule]:Starting HTTP Server on Port: 8191...
Admin.exe: 00000630: 13:43:57 [TUniServerModule]:HTTP Server Started on Port: 8191
Admin.exe: 000027A4: 13:44:07 [127.0.0.1]:EUniSessionException : Sessão expirada. : Addr: $0079E183
Admin.exe: 00000630: 13:44:31 [TUniServerModule]:Shutting Down Server.
Admin.exe: 00000630: 13:44:31 [TUniServerModule]:Stopping HTTP Server.
Admin.exe: 00000630: 13:44:32 [TUniServerModule]:HTTP Server Stopped.
Admin.exe: 00000630: 13:44:32 [TUniGUISessionManager]:Terminating Session manager.
Admin.exe: 00000630: 13:44:32 [TUniGUISessionManager]:Stopping Cache Eraser...
Admin.exe: 00000630: 13:44:32 [TUniGUISessionManager]:Cache Eraser Stopped.
Admin.exe: 00000630: 13:44:32 [TUniGUISessionManager]:Destroying Worker Threads.
Admin.exe: 00000630: 13:44:32 [TUniGUISessionManager]:Session manager terminated.
Admin.exe: 00000630: 13:44:32 [TUniServerModule]:Server Shutdown Completed.
Admin.exe: 00000630: 13:44:32 []:<-------------------------------------------------------------->
Admin.exe: 00000630: 13:44:32 [Terminated]:Exit Code: 0
Admin.exe: 000037E8: 13:45:57 []:>--------------------------------------------------------------<
Admin.exe: 000037E8: 13:45:57 [TUniServerModule]:Server First Init.
Admin.exe: 000037E8: 13:45:57 [TUniServerModule]:Starting HTTP Server on Port: 8191...
Admin.exe: 000037E8: 13:45:57 [TUniServerModule]:HTTP Server Started on Port: 8191
Admin.exe: 00002838: 13:45:59 [127.0.0.1]:EUniSessionException : Sessão expirada. : Addr: $0079E183
Admin.exe: 00000FB8: 13:46:36 []:>--------------------------------------------------------------<
Admin.exe: 00000FB8: 13:46:36 [TUniServerModule]:Server First Init.
Admin.exe: 00000FB8: 13:46:37 [TUniServerModule]:Global Cache Folder Erased. <7> Files deleted.
Admin.exe: 00000FB8: 13:46:37 [TUniServerModule]:Starting HTTP Server on Port: 8191...
Admin.exe: 00000FB8: 13:46:37 [TUniServerModule]:HTTP Server Started on Port: 8191
Admin.exe: 00002B50: 13:47:33 []:>--------------------------------------------------------------<
Admin.exe: 00002B50: 13:47:33 [TUniServerModule]:Server First Init.
Admin.exe: 00002B50: 13:47:33 [TUniServerModule]:Starting HTTP Server on Port: 8191...
Admin.exe: 00002B50: 13:47:33 [TUniServerModule]:HTTP Server Started on Port: 8191
Admin.exe: 00001DF0: 13:47:35 [127.0.0.1]:EUniSessionException : Sessão expirada. : Addr: $0079E183
Admin.exe: 00002B50: 13:56:13 [TUniServerModule]:Shutting Down Server.
Admin.exe: 00002B50: 13:56:13 [TUniServerModule]:Stopping HTTP Server.
Admin.exe: 00002B50: 13:56:14 [TUniServerModule]:HTTP Server Stopped.
Admin.exe: 00002B50: 13:56:14 [TUniGUISessionManager]:Terminating Session manager.
Admin.exe: 00002B50: 13:56:14 [TUniGUISessionManager]:Stopping Cache Eraser...
Admin.exe: 00002B50: 13:56:14 [TUniGUISessionManager]:Cache Eraser Stopped.
Admin.exe: 00002B50: 13:56:14 [TUniGUISessionManager]:Destroying Worker Threads.
Admin.exe: 00002B50: 13:56:14 [TUniGUISessionManager]:Session manager terminated.
Admin.exe: 00002B50: 13:56:14 [TUniServerModule]:Server Shutdown Completed.
Admin.exe: 00002B50: 13:56:14 []:<-------------------------------------------------------------->
Admin.exe: 00002B50: 13:56:14 [Terminated]:Exit Code: 0
Admin.exe: 00002464: 13:56:28 []:>--------------------------------------------------------------<
Admin.exe: 00002464: 13:56:28 [TUniServerModule]:Server First Init.
Admin.exe: 00002464: 13:56:28 [TUniServerModule]:Starting HTTP Server on Port: 8191...
Admin.exe: 00002464: 13:56:28 [TUniServerModule]:HTTP Server Started on Port: 8191
Admin.exe: 00002D1C: 13:56:38 [127.0.0.1]:EUniSessionException : Sessão expirada. : Addr: $0079E183
Admin.exe: 00002464: 14:56:43 [TUniServerModule]:Shutting Down Server.
Admin.exe: 00002464: 14:56:43 [TUniServerModule]:Stopping HTTP Server.
Admin.exe: 00002464: 14:56:44 [TUniServerModule]:HTTP Server Stopped.
Admin.exe: 00002464: 14:56:44 [TUniGUISessionManager]:Terminating Session manager.
Admin.exe: 00002464: 14:56:44 [TUniGUISessionManager]:Stopping Cache Eraser...
Admin.exe: 00002464: 14:56:44 [TUniGUISessionManager]:Cache Eraser Stopped.
Admin.exe: 00002464: 14:56:44 [TUniGUISessionManager]:Destroying Worker Threads.
Admin.exe: 00002464: 14:56:44 [TUniGUISessionManager]:Session manager terminated.
Admin.exe: 00002464: 14:56:44 [TUniServerModule]:Server Shutdown Completed.
Admin.exe: 00002464: 14:56:44 []:<-------------------------------------------------------------->
Admin.exe: 00002464: 14:56:44 [Terminated]:Exit Code: 0
Admin.exe: 00000140: 14:57:00 []:>--------------------------------------------------------------<
Admin.exe: 00000140: 14:57:00 [TUniServerModule]:Server First Init.
Admin.exe: 00000140: 14:57:00 [TUniServerModule]:Starting HTTP Server on Port: 8191...
Admin.exe: 00000140: 14:57:00 [TUniServerModule]:HTTP Server Started on Port: 8191
Admin.exe: 00001D00: 14:57:11 [127.0.0.1]:EUniSessionException : Sessão expirada. : Addr: $0079E183
Admin.exe: 00001D00: 14:57:18 [HandleFileRequest[127.0.0.1]]:File not found: D:\Desenvolvimento\Projeto Escola Online - Felipe\SVN Amazon\Academiadepregadores\Admin\assets\js\jquery-1.10.2.js
Admin.exe: 000032C0: 14:57:18 [HandleFileRequest[127.0.0.1]]:File not found: D:\Desenvolvimento\Projeto Escola Online - Felipe\SVN Amazon\Academiadepregadores\Admin\assets\js\morris\raphael-2.1.0.min.js
Admin.exe: 000037C0: 14:57:18 [HandleFileRequest[127.0.0.1]]:File not found: D:\Desenvolvimento\Projeto Escola Online - Felipe\SVN Amazon\Academiadepregadores\Admin\assets\js\jquery.metisMenu.js
Admin.exe: 00001230: 14:57:18 [HandleFileRequest[127.0.0.1]]:File not found: D:\Desenvolvimento\Projeto Escola Online - Felipe\SVN Amazon\Academiadepregadores\Admin\assets\js\morris\morris.js
Admin.exe: 00003960: 14:57:18 [HandleFileRequest[127.0.0.1]]:File not found: D:\Desenvolvimento\Projeto Escola Online - Felipe\SVN Amazon\Academiadepregadores\Admin\assets\js\custom.js
Admin.exe: 00000140: 14:57:55 [TUniServerModule]:Shutting Down Server.
Admin.exe: 00000140: 14:57:55 [TUniServerModule]:Stopping HTTP Server.
Admin.exe: 00000140: 14:57:56 [TUniServerModule]:HTTP Server Stopped.
Admin.exe: 00000140: 14:57:56 [TUniGUISessionManager]:Terminating Session manager.
Admin.exe: 00000140: 14:57:56 [TUniGUISessionManager]:Stopping Cache Eraser...
Admin.exe: 00000140: 14:57:56 [TUniGUISessionManager]:Cache Eraser Stopped.
Admin.exe: 00000140: 14:57:56 [TUniGUISessionManager]:Destroying Worker Threads.
Admin.exe: 00000140: 14:57:56 [TUniGUISessionManager]:Session manager terminated.
Admin.exe: 00000140: 14:57:56 [TUniServerModule]:Server Shutdown Completed.
Admin.exe: 00000140: 14:57:56 []:<-------------------------------------------------------------->
Admin.exe: 00000140: 14:57:56 [Terminated]:Exit Code: 0
Admin.exe: 000022E4: 15:33:35 []:>--------------------------------------------------------------<
Admin.exe: 000022E4: 15:33:35 [TUniServerModule]:Server First Init.
Admin.exe: 000022E4: 15:33:35 [TUniServerModule]:Starting HTTP Server on Port: 8191...
Admin.exe: 000022E4: 15:33:35 [TUniServerModule]:HTTP Server Started on Port: 8191
Admin.exe: 00001F94: 15:33:47 [127.0.0.1]:EUniSessionException : Sessão expirada. : Addr: $0079E183
Admin.exe: 00000AAC: 15:39:31 []:>--------------------------------------------------------------<
Admin.exe: 00000AAC: 15:39:31 [TUniServerModule]:Server First Init.
Admin.exe: 00000AAC: 15:39:32 [TUniServerModule]:Global Cache Folder Erased. <15> Files deleted.
Admin.exe: 00000AAC: 15:39:32 [TUniServerModule]:Starting HTTP Server on Port: 8191...
Admin.exe: 00000AAC: 15:39:32 [TUniServerModule]:HTTP Server Started on Port: 8191
Admin.exe: 0000167C: 15:39:42 [127.0.0.1]:EUniSessionException : Sessão expirada. : Addr: $0079E183
Admin.exe: 000026E4: 15:43:53 []:>--------------------------------------------------------------<
Admin.exe: 000026E4: 15:43:53 [TUniServerModule]:Server First Init.
Admin.exe: 000026E4: 15:43:54 [TUniServerModule]:Global Cache Folder Erased. <14> Files deleted.
Admin.exe: 000026E4: 15:43:54 [TUniServerModule]:Starting HTTP Server on Port: 8191...
Admin.exe: 000026E4: 15:43:54 [TUniServerModule]:HTTP Server Started on Port: 8191
Admin.exe: 00002D00: 15:44:03 [127.0.0.1]:EUniSessionException : Sessão expirada. : Addr: $0079E183
Admin.exe: 00002244: 15:45:17 []:>--------------------------------------------------------------<
Admin.exe: 00002244: 15:45:17 [TUniServerModule]:Server First Init.
Admin.exe: 00002244: 15:45:17 [TUniServerModule]:Global Cache Folder Erased. <13> Files deleted.
Admin.exe: 0000035C: 15:45:59 []:>--------------------------------------------------------------<
Admin.exe: 0000035C: 15:45:59 [TUniServerModule]:Server First Init.
Admin.exe: 0000035C: 15:45:59 [TUniServerModule]:Starting HTTP Server on Port: 8191...
Admin.exe: 0000035C: 15:45:59 [TUniServerModule]:HTTP Server Started on Port: 8191
Admin.exe: 00002CE8: 15:46:32 [127.0.0.1]:EUniSessionException : Sessão expirada. : Addr: $0079E183
Admin.exe: 000017C8: 15:56:32 []:>--------------------------------------------------------------<
Admin.exe: 000017C8: 15:56:32 [TUniServerModule]:Server First Init.
Admin.exe: 000017C8: 15:56:32 [TUniServerModule]:Global Cache Folder Erased. <21> Files deleted.
Admin.exe: 000017C8: 15:56:32 [TUniServerModule]:Starting HTTP Server on Port: 8191...
Admin.exe: 000017C8: 15:56:32 [TUniServerModule]:HTTP Server Started on Port: 8191
Admin.exe: 00001340: 15:56:42 [127.0.0.1]:EUniSessionException : Sessão expirada. : Addr: $0079E183
Admin.exe: 000017C8: 16:01:14 [TUniServerModule]:Shutting Down Server.
Admin.exe: 000017C8: 16:01:14 [TUniServerModule]:Stopping HTTP Server.
Admin.exe: 000017C8: 16:01:15 [TUniServerModule]:HTTP Server Stopped.
Admin.exe: 000017C8: 16:01:15 [TUniGUISessionManager]:Terminating Session manager.
Admin.exe: 000017C8: 16:01:15 [TUniGUISessionManager]:Stopping Cache Eraser...
Admin.exe: 000017C8: 16:01:15 [TUniGUISessionManager]:Cache Eraser Stopped.
Admin.exe: 000017C8: 16:01:15 [TUniGUISessionManager]:Destroying Worker Threads.
Admin.exe: 000017C8: 16:01:15 [TUniGUISessionManager]:Session manager terminated.
Admin.exe: 000017C8: 16:01:16 [TUniServerModule]:Server Shutdown Completed.
Admin.exe: 000017C8: 16:01:16 []:<-------------------------------------------------------------->
Admin.exe: 000017C8: 16:01:16 [Terminated]:Exit Code: 0
Admin.exe: 0000228C: 16:01:28 []:>--------------------------------------------------------------<
Admin.exe: 0000228C: 16:01:28 [TUniServerModule]:Server First Init.
Admin.exe: 0000228C: 16:01:28 [TUniServerModule]:Starting HTTP Server on Port: 8191...
Admin.exe: 0000228C: 16:01:28 [TUniServerModule]:HTTP Server Started on Port: 8191
Admin.exe: 000029E8: 16:01:30 [127.0.0.1]:EUniSessionException : Sessão expirada. : Addr: $0079E183
Admin.exe: 0000228C: 16:02:10 [TUniServerModule]:Shutting Down Server.
Admin.exe: 0000228C: 16:02:10 [TUniServerModule]:Stopping HTTP Server.
Admin.exe: 0000228C: 16:02:11 [TUniServerModule]:HTTP Server Stopped.
Admin.exe: 0000228C: 16:02:11 [TUniGUISessionManager]:Terminating Session manager.
Admin.exe: 0000228C: 16:02:11 [TUniGUISessionManager]:Stopping Cache Eraser...
Admin.exe: 0000228C: 16:02:11 [TUniGUISessionManager]:Cache Eraser Stopped.
Admin.exe: 0000228C: 16:02:11 [TUniGUISessionManager]:Destroying Worker Threads.
Admin.exe: 0000228C: 16:02:11 [TUniGUISessionManager]:Session manager terminated.
Admin.exe: 0000228C: 16:02:11 [TUniServerModule]:Server Shutdown Completed.
Admin.exe: 0000228C: 16:02:11 []:<-------------------------------------------------------------->
Admin.exe: 0000228C: 16:02:11 [Terminated]:Exit Code: 0
Admin.exe: 00000FEC: 16:02:39 []:>--------------------------------------------------------------<
Admin.exe: 00000FEC: 16:02:39 [TUniServerModule]:Server First Init.
Admin.exe: 00000FEC: 16:02:39 [TUniServerModule]:Starting HTTP Server on Port: 8191...
Admin.exe: 00000FEC: 16:02:39 [TUniServerModule]:HTTP Server Started on Port: 8191
Admin.exe: 000026FC: 16:02:40 [127.0.0.1]:EUniSessionException : Sessão expirada. : Addr: $0079E183
Admin.exe: 00000FEC: 16:03:10 [TUniServerModule]:Shutting Down Server.
Admin.exe: 00000FEC: 16:03:10 [TUniServerModule]:Stopping HTTP Server.
Admin.exe: 00000FEC: 16:03:11 [TUniServerModule]:HTTP Server Stopped.
Admin.exe: 00000FEC: 16:03:11 [TUniGUISessionManager]:Terminating Session manager.
Admin.exe: 00000FEC: 16:03:11 [TUniGUISessionManager]:Stopping Cache Eraser...
Admin.exe: 00000FEC: 16:03:11 [TUniGUISessionManager]:Cache Eraser Stopped.
Admin.exe: 00000FEC: 16:03:11 [TUniGUISessionManager]:Destroying Worker Threads.
Admin.exe: 00000FEC: 16:03:11 [TUniGUISessionManager]:Session manager terminated.
Admin.exe: 00000FEC: 16:03:11 [TUniServerModule]:Server Shutdown Completed.
Admin.exe: 00000FEC: 16:03:11 []:<-------------------------------------------------------------->
Admin.exe: 00000FEC: 16:03:11 [Terminated]:Exit Code: 0
Admin.exe: 00000AC0: 16:07:43 []:>--------------------------------------------------------------<
Admin.exe: 00000AC0: 16:07:43 [TUniServerModule]:Server First Init.
Admin.exe: 00000AC0: 16:07:43 [TUniServerModule]:Starting HTTP Server on Port: 8191...
Admin.exe: 00000AC0: 16:07:43 [TUniServerModule]:HTTP Server Started on Port: 8191
Admin.exe: 000026E8: 16:07:44 [127.0.0.1]:EUniSessionException : Sessão expirada. : Addr: $0079E183
Admin.exe: 00000AC0: 16:09:31 [TUniServerModule]:Shutting Down Server.
Admin.exe: 00000AC0: 16:09:31 [TUniServerModule]:Stopping HTTP Server.
Admin.exe: 00000AC0: 16:09:32 [TUniServerModule]:HTTP Server Stopped.
Admin.exe: 00000AC0: 16:09:32 [TUniGUISessionManager]:Terminating Session manager.
Admin.exe: 00000AC0: 16:09:32 [TUniGUISessionManager]:Stopping Cache Eraser...
Admin.exe: 00000AC0: 16:09:32 [TUniGUISessionManager]:Cache Eraser Stopped.
Admin.exe: 00000AC0: 16:09:32 [TUniGUISessionManager]:Destroying Worker Threads.
Admin.exe: 00000AC0: 16:09:32 [TUniGUISessionManager]:Session manager terminated.
Admin.exe: 00000AC0: 16:09:32 [TUniServerModule]:Server Shutdown Completed.
Admin.exe: 00000AC0: 16:09:32 []:<-------------------------------------------------------------->
Admin.exe: 00000AC0: 16:09:32 [Terminated]:Exit Code: 0
Admin.exe: 00003B70: 16:10:14 []:>--------------------------------------------------------------<
Admin.exe: 00003B70: 16:10:14 [TUniServerModule]:Server First Init.
Admin.exe: 00003B70: 16:10:14 [TUniServerModule]:Starting HTTP Server on Port: 8191...
Admin.exe: 00003B70: 16:10:14 [TUniServerModule]:HTTP Server Started on Port: 8191
Admin.exe: 00002CDC: 16:10:14 [127.0.0.1]:EUniSessionException : Sessão expirada. : Addr: $0079E183
Admin.exe: 00003B70: 16:10:34 [TUniServerModule]:Shutting Down Server.
Admin.exe: 00003B70: 16:10:34 [TUniServerModule]:Stopping HTTP Server.
Admin.exe: 00003B70: 16:10:35 [TUniServerModule]:HTTP Server Stopped.
Admin.exe: 00003B70: 16:10:35 [TUniGUISessionManager]:Terminating Session manager.
Admin.exe: 00003B70: 16:10:35 [TUniGUISessionManager]:Stopping Cache Eraser...
Admin.exe: 00003B70: 16:10:35 [TUniGUISessionManager]:Cache Eraser Stopped.
Admin.exe: 00003B70: 16:10:35 [TUniGUISessionManager]:Destroying Worker Threads.
Admin.exe: 00003B70: 16:10:35 [TUniGUISessionManager]:Session manager terminated.
Admin.exe: 00003B70: 16:10:35 [TUniServerModule]:Server Shutdown Completed.
Admin.exe: 00003B70: 16:10:35 []:<-------------------------------------------------------------->
Admin.exe: 00003B70: 16:10:35 [Terminated]:Exit Code: 0
Admin.exe: 000036EC: 16:20:12 []:>--------------------------------------------------------------<
Admin.exe: 000036EC: 16:20:12 [TUniServerModule]:Server First Init.
Admin.exe: 000036EC: 16:20:12 [TUniServerModule]:Starting HTTP Server on Port: 8191...
Admin.exe: 000036EC: 16:20:12 [TUniServerModule]:HTTP Server Started on Port: 8191
Admin.exe: 00001D08: 16:20:20 [127.0.0.1]:EUniSessionException : Sessão expirada. : Addr: $0079E183
Admin.exe: 000036EC: 16:22:21 [TUniServerModule]:Shutting Down Server.
Admin.exe: 000036EC: 16:22:21 [TUniServerModule]:Stopping HTTP Server.
Admin.exe: 000036EC: 16:22:22 [TUniServerModule]:HTTP Server Stopped.
Admin.exe: 000036EC: 16:22:22 [TUniGUISessionManager]:Terminating Session manager.
Admin.exe: 000036EC: 16:22:22 [TUniGUISessionManager]:Stopping Cache Eraser...
Admin.exe: 000036EC: 16:22:22 [TUniGUISessionManager]:Cache Eraser Stopped.
Admin.exe: 000036EC: 16:22:23 [TUniGUISessionManager]:Destroying Worker Threads.
Admin.exe: 000036EC: 16:22:23 [TUniGUISessionManager]:Session manager terminated.
Admin.exe: 000036EC: 16:22:23 [TUniServerModule]:Server Shutdown Completed.
Admin.exe: 000036EC: 16:22:23 []:<-------------------------------------------------------------->
Admin.exe: 000036EC: 16:22:23 [Terminated]:Exit Code: 0
Admin.exe: 000025CC: 16:23:28 []:>--------------------------------------------------------------<
Admin.exe: 000025CC: 16:23:28 [TUniServerModule]:Server First Init.
Admin.exe: 000025CC: 16:23:28 [TUniServerModule]:Starting HTTP Server on Port: 8191...
Admin.exe: 000025CC: 16:23:28 [TUniServerModule]:HTTP Server Started on Port: 8191
Admin.exe: 0000065C: 16:23:32 [127.0.0.1]:EUniSessionException : Sessão expirada. : Addr: $0079E183
Admin.exe: 000025CC: 16:24:21 [TUniServerModule]:Shutting Down Server.
Admin.exe: 000025CC: 16:24:21 [TUniServerModule]:Stopping HTTP Server.
Admin.exe: 000025CC: 16:24:22 [TUniServerModule]:HTTP Server Stopped.
Admin.exe: 000025CC: 16:24:22 [TUniGUISessionManager]:Terminating Session manager.
Admin.exe: 000025CC: 16:24:22 [TUniGUISessionManager]:Stopping Cache Eraser...
Admin.exe: 000025CC: 16:24:22 [TUniGUISessionManager]:Cache Eraser Stopped.
Admin.exe: 000025CC: 16:24:22 [TUniGUISessionManager]:Destroying Worker Threads.
Admin.exe: 000025CC: 16:24:22 [TUniGUISessionManager]:Session manager terminated.
Admin.exe: 000025CC: 16:24:22 [TUniServerModule]:Server Shutdown Completed.
Admin.exe: 000025CC: 16:24:22 []:<-------------------------------------------------------------->
Admin.exe: 000025CC: 16:24:22 [Terminated]:Exit Code: 0
Admin.exe: 00001FE4: 16:26:30 []:>--------------------------------------------------------------<
Admin.exe: 00001FE4: 16:26:30 [TUniServerModule]:Server First Init.
Admin.exe: 00001FE4: 16:26:30 [TUniServerModule]:Starting HTTP Server on Port: 8191...
Admin.exe: 00001FE4: 16:26:30 [TUniServerModule]:HTTP Server Started on Port: 8191
Admin.exe: 00000F30: 16:26:30 [127.0.0.1]:EUniSessionException : Sessão expirada. : Addr: $0079E183
Admin.exe: 00001FE4: 16:28:05 [TUniServerModule]:Shutting Down Server.
Admin.exe: 00001FE4: 16:28:05 [TUniServerModule]:Stopping HTTP Server.
Admin.exe: 00001FE4: 16:28:06 [TUniServerModule]:HTTP Server Stopped.
Admin.exe: 00001FE4: 16:28:06 [TUniGUISessionManager]:Terminating Session manager.
Admin.exe: 00001FE4: 16:28:06 [TUniGUISessionManager]:Stopping Cache Eraser...
Admin.exe: 00001FE4: 16:28:06 [TUniGUISessionManager]:Cache Eraser Stopped.
Admin.exe: 00001FE4: 16:28:06 [TUniGUISessionManager]:Destroying Worker Threads.
Admin.exe: 00001FE4: 16:28:06 [TUniGUISessionManager]:Session manager terminated.
Admin.exe: 00001FE4: 16:28:06 [TUniServerModule]:Server Shutdown Completed.
Admin.exe: 00001FE4: 16:28:06 []:<-------------------------------------------------------------->
Admin.exe: 00001FE4: 16:28:06 [Terminated]:Exit Code: 0
Admin.exe: 00003738: 16:29:45 []:>--------------------------------------------------------------<
Admin.exe: 00003738: 16:29:45 [TUniServerModule]:Server First Init.
Admin.exe: 00003738: 16:29:45 [TUniServerModule]:Starting HTTP Server on Port: 8191...
Admin.exe: 00003738: 16:29:45 [TUniServerModule]:HTTP Server Started on Port: 8191
Admin.exe: 00001FD8: 16:30:03 [HandleFileRequest[127.0.0.1]]:File not found: D:\Desenvolvimento\Projeto Escola Online - Felipe\SVN Amazon\Academiadepregadores\Admin\favicon.ico
Admin.exe: 00003738: 16:31:17 [TUniServerModule]:Shutting Down Server.
Admin.exe: 00003738: 16:31:17 [TUniServerModule]:Stopping HTTP Server.
Admin.exe: 00003738: 16:31:18 [TUniServerModule]:HTTP Server Stopped.
Admin.exe: 00003738: 16:31:18 [TUniGUISessionManager]:Terminating Session manager.
Admin.exe: 00003738: 16:31:18 [TUniGUISessionManager]:Stopping Cache Eraser...
Admin.exe: 00003738: 16:31:18 [TUniGUISessionManager]:Cache Eraser Stopped.
Admin.exe: 00003738: 16:31:18 [TUniGUISessionManager]:Destroying Worker Threads.
Admin.exe: 00003738: 16:31:18 [TUniGUISessionManager]:Session manager terminated.
Admin.exe: 00003738: 16:31:18 [TUniServerModule]:Server Shutdown Completed.
Admin.exe: 00003738: 16:31:18 []:<-------------------------------------------------------------->
Admin.exe: 00003738: 16:31:18 [Terminated]:Exit Code: 0
Admin.exe: 000037E8: 16:32:11 []:>--------------------------------------------------------------<
Admin.exe: 000037E8: 16:32:11 [TUniServerModule]:Server First Init.
Admin.exe: 000037E8: 16:32:11 [TUniServerModule]:Starting HTTP Server on Port: 8191...
Admin.exe: 000037E8: 16:32:11 [TUniServerModule]:HTTP Server Started on Port: 8191
Admin.exe: 00002410: 16:32:13 [127.0.0.1]:EUniSessionException : Sessão expirada. : Addr: $0079E183
Admin.exe: 000037E8: 16:42:59 [TUniServerModule]:Shutting Down Server.
Admin.exe: 000037E8: 16:42:59 [TUniServerModule]:Stopping HTTP Server.
Admin.exe: 000037E8: 16:42:59 [TUniServerModule]:HTTP Server Stopped.
Admin.exe: 000037E8: 16:42:59 [TUniGUISessionManager]:Terminating Session manager.
Admin.exe: 000037E8: 16:42:59 [TUniGUISessionManager]:Stopping Cache Eraser...
Admin.exe: 000037E8: 16:42:59 [TUniGUISessionManager]:Cache Eraser Stopped.
Admin.exe: 000037E8: 16:42:59 [TUniGUISessionManager]:Destroying Worker Threads.
Admin.exe: 000037E8: 16:42:59 [TUniGUISessionManager]:Session manager terminated.
Admin.exe: 000037E8: 16:42:59 [TUniServerModule]:Server Shutdown Completed.
Admin.exe: 000037E8: 16:42:59 []:<-------------------------------------------------------------->
Admin.exe: 000037E8: 16:42:59 [Terminated]:Exit Code: 0
Admin.exe: 00000FE0: 16:47:34 []:>--------------------------------------------------------------<
Admin.exe: 00000FE0: 16:47:34 [TUniServerModule]:Server First Init.
Admin.exe: 00000FE0: 16:47:34 [TUniServerModule]:Starting HTTP Server on Port: 8191...
Admin.exe: 00000FE0: 16:47:34 [TUniServerModule]:HTTP Server Started on Port: 8191
Admin.exe: 000011AC: 16:47:36 [127.0.0.1]:EUniSessionException : Sessão expirada. : Addr: $0079E183
Admin.exe: 000011AC: 16:47:37 [127.0.0.1]:EUniSessionException : Sessão expirada. : Addr: $0079E183
Admin.exe: 00000FE0: 16:48:45 [TUniServerModule]:Shutting Down Server.
Admin.exe: 00000FE0: 16:48:45 [TUniServerModule]:Stopping HTTP Server.
Admin.exe: 00000FE0: 16:48:46 [TUniServerModule]:HTTP Server Stopped.
Admin.exe: 00000FE0: 16:48:46 [TUniGUISessionManager]:Terminating Session manager.
Admin.exe: 00000FE0: 16:48:46 [TUniGUISessionManager]:Stopping Cache Eraser...
Admin.exe: 00000FE0: 16:48:46 [TUniGUISessionManager]:Cache Eraser Stopped.
Admin.exe: 00000FE0: 16:48:46 [TUniGUISessionManager]:Destroying Worker Threads.
Admin.exe: 00000FE0: 16:48:46 [TUniGUISessionManager]:Session manager terminated.
Admin.exe: 00000FE0: 16:48:46 [TUniServerModule]:Server Shutdown Completed.
Admin.exe: 00000FE0: 16:48:46 []:<-------------------------------------------------------------->
Admin.exe: 00000FE0: 16:48:46 [Terminated]:Exit Code: 0
