Admin.exe: 00000CC0: 22:29:41 []:>--------------------------------------------------------------<
Admin.exe: 00000CC0: 22:29:41 [TUniServerModule]:Server First Init.
Admin.exe: 00000CC0: 22:29:41 [TUniServerModule]:Debug Mode = ON
Admin.exe: 00000CC0: 22:29:41 [TUniServerModule]:Starting HTTP Server on Port: 8077...
Admin.exe: 00000CC0: 22:29:41 [TUniServerModule]:HTTP Server Started on Port: 8077
Admin.exe: 00001F60: 22:30:20 [127.0.0.1]:ESQLiteNativeException : [FireDAC][Phys][SQLite] ERROR: no such table: USUARIOS : Addr: $007E0B9A
Admin.exe: 0000273C: 22:30:46 []:>--------------------------------------------------------------<
Admin.exe: 0000273C: 22:30:46 [TUniServerModule]:Server First Init.
Admin.exe: 0000273C: 22:30:46 [TUniServerModule]:Debug Mode = ON
Admin.exe: 0000273C: 22:30:47 [TUniServerModule]:Global Cache Folder Erased. <11> Files deleted.
Admin.exe: 0000273C: 22:30:47 [TUniServerModule]:Starting HTTP Server on Port: 8077...
Admin.exe: 0000273C: 22:30:47 [TUniServerModule]:HTTP Server Started on Port: 8077
Admin.exe: 000039A0: 22:31:22 [127.0.0.1]:EUniSessionException : Invalid session or session Timeout. : Addr: $0079C17B
Admin.exe: 00000300: 22:34:00 [HandleFileRequest[192.168.15.7]]:File not found: C:\Users\Jefferson\Desktop\Remontando o Hybrido\favicon.ico
Admin.exe: 00003650: 22:44:11 []:>--------------------------------------------------------------<
Admin.exe: 00003650: 22:44:11 [TUniServerModule]:Server First Init.
Admin.exe: 00003650: 22:44:11 [TUniServerModule]:Debug Mode = ON
Admin.exe: 00003650: 22:44:11 [TUniServerModule]:Global Cache Folder Erased. <9> Files deleted.
Admin.exe: 00003650: 22:44:11 [TUniServerModule]:Starting HTTP Server on Port: 8077...
Admin.exe: 00003650: 22:44:12 [TUniServerModule]:HTTP Server Started on Port: 8077
Admin.exe: 00000740: 22:45:09 [HandleFileRequest[192.168.15.8]]:File not found: D:\Desenvolvimento\Projeto Escola Online - Felipe\SVN Amazon\Academiadepregadores\Admin\favicon.ico
Admin.exe: 00003094: 22:45:50 []:>--------------------------------------------------------------<
Admin.exe: 00003094: 22:45:50 [TUniServerModule]:Server First Init.
Admin.exe: 00003094: 22:45:50 [TUniServerModule]:Debug Mode = ON
Admin.exe: 00003094: 22:45:50 [TUniServerModule]:Global Cache Folder Erased. <9> Files deleted.
Admin.exe: 00003094: 22:45:50 [TUniServerModule]:Starting HTTP Server on Port: 8077...
Admin.exe: 00003094: 22:45:50 [TUniServerModule]:HTTP Server Started on Port: 8077
Admin.exe: 000022C8: 22:45:53 [192.168.15.8]:EUniSessionException : Invalid session or session Timeout. : Addr: $0079C17B
Admin.exe: 00002A84: 22:47:12 [HandleFileRequest[192.168.15.7]]:File not found: D:\Desenvolvimento\Projeto Escola Online - Felipe\SVN Amazon\Academiadepregadores\Admin\favicon.ico
Admin.exe: 00001D04: 22:50:26 []:>--------------------------------------------------------------<
Admin.exe: 00001D04: 22:50:26 [TUniServerModule]:Server First Init.
Admin.exe: 00001D04: 22:50:26 [TUniServerModule]:Debug Mode = ON
Admin.exe: 00001D04: 22:50:26 [TUniServerModule]:Global Cache Folder Erased. <12> Files deleted.
Admin.exe: 00001D04: 22:50:26 [TUniServerModule]:Starting HTTP Server on Port: 8077...
Admin.exe: 00001D04: 22:50:26 [TUniServerModule]:HTTP Server Started on Port: 8077
Admin.exe: 000006D8: 22:50:44 [192.168.15.7]:EUniSessionException : Invalid session or session Timeout. : Addr: $0079C17B
Admin.exe: 00001440: 22:52:58 []:>--------------------------------------------------------------<
Admin.exe: 00001440: 22:52:58 [TUniServerModule]:Server First Init.
Admin.exe: 00001440: 22:52:58 [TUniServerModule]:Debug Mode = ON
Admin.exe: 00001440: 22:52:58 [TUniServerModule]:Global Cache Folder Erased. <5> Files deleted.
Admin.exe: 00001440: 22:52:59 [TUniServerModule]:Starting HTTP Server on Port: 8077...
Admin.exe: 00001440: 22:52:59 [TUniServerModule]:HTTP Server Started on Port: 8077
Admin.exe: 0000372C: 22:53:12 [192.168.15.7]:EUniSessionException : Invalid session or session Timeout. : Addr: $0079C17B
Admin.exe: 00001320: 22:55:31 []:>--------------------------------------------------------------<
Admin.exe: 00001320: 22:55:31 [TUniServerModule]:Server First Init.
Admin.exe: 00001320: 22:55:31 [TUniServerModule]:Debug Mode = ON
Admin.exe: 00001320: 22:55:31 [TUniServerModule]:Global Cache Folder Erased. <5> Files deleted.
Admin.exe: 00001320: 22:55:31 [TUniServerModule]:Starting HTTP Server on Port: 8077...
Admin.exe: 00001320: 22:55:31 [TUniServerModule]:HTTP Server Started on Port: 8077
Admin.exe: 000032D0: 22:55:44 [192.168.15.7]:EUniSessionException : Invalid session or session Timeout. : Addr: $0079C17B
Admin.exe: 00000C70: 22:56:23 []:>--------------------------------------------------------------<
Admin.exe: 00000C70: 22:56:23 [TUniServerModule]:Server First Init.
Admin.exe: 00000C70: 22:56:23 [TUniServerModule]:Debug Mode = ON
Admin.exe: 00000C70: 22:56:23 [TUniServerModule]:Global Cache Folder Erased. <5> Files deleted.
Admin.exe: 00000C70: 22:56:23 [TUniServerModule]:Starting HTTP Server on Port: 8077...
Admin.exe: 00000C70: 22:56:24 [TUniServerModule]:HTTP Server Started on Port: 8077
Admin.exe: 000012E0: 22:56:44 [192.168.15.7]:EUniSessionException : Invalid session or session Timeout. : Addr: $0079C17B
Admin.exe: 00002A88: 22:59:14 []:>--------------------------------------------------------------<
Admin.exe: 00002A88: 22:59:14 [TUniServerModule]:Server First Init.
Admin.exe: 00002A88: 22:59:14 [TUniServerModule]:Debug Mode = ON
Admin.exe: 00002A88: 22:59:14 [TUniServerModule]:Global Cache Folder Erased. <5> Files deleted.
Admin.exe: 00002A88: 22:59:14 [TUniServerModule]:Starting HTTP Server on Port: 8077...
Admin.exe: 00002A88: 22:59:15 [TUniServerModule]:HTTP Server Started on Port: 8077
Admin.exe: 00002E70: 22:59:23 [192.168.15.7]:EUniSessionException : Invalid session or session Timeout. : Addr: $0079C17B
Admin.exe: 00000228: 23:01:14 []:>--------------------------------------------------------------<
Admin.exe: 00000228: 23:01:14 [TUniServerModule]:Server First Init.
Admin.exe: 00000228: 23:01:14 [TUniServerModule]:Debug Mode = ON
Admin.exe: 00000228: 23:01:15 [TUniServerModule]:Global Cache Folder Erased. <5> Files deleted.
Admin.exe: 00000228: 23:01:15 [TUniServerModule]:Starting HTTP Server on Port: 8077...
Admin.exe: 00000228: 23:01:15 [TUniServerModule]:HTTP Server Started on Port: 8077
Admin.exe: 00002A38: 23:01:25 [192.168.15.7]:EUniSessionException : Invalid session or session Timeout. : Addr: $0079C17B
Admin.exe: 0000360C: 23:01:30 [HandleFileRequest[192.168.15.7]]:File not found: D:\Desenvolvimento\Projeto Escola Online - Felipe\SVN Amazon\Academiadepregadores\Admin\.js
Admin.exe: 00003248: 23:03:22 []:>--------------------------------------------------------------<
Admin.exe: 00003248: 23:03:22 [TUniServerModule]:Server First Init.
Admin.exe: 00003248: 23:03:22 [TUniServerModule]:Debug Mode = ON
Admin.exe: 00003248: 23:03:22 [TUniServerModule]:Global Cache Folder Erased. <5> Files deleted.
Admin.exe: 00003248: 23:03:22 [TUniServerModule]:Starting HTTP Server on Port: 8077...
Admin.exe: 00003248: 23:03:22 [TUniServerModule]:HTTP Server Started on Port: 8077
Admin.exe: 00003884: 23:03:38 [192.168.15.7]:EUniSessionException : Invalid session or session Timeout. : Addr: $0079C17B
Admin.exe: 000037EC: 23:03:42 [HandleFileRequest[192.168.15.7]]:File not found: D:\Desenvolvimento\Projeto Escola Online - Felipe\SVN Amazon\Academiadepregadores\Admin\.js
Admin.exe: 00003A04: 23:06:17 []:>--------------------------------------------------------------<
Admin.exe: 00003A04: 23:06:17 [TUniServerModule]:Server First Init.
Admin.exe: 00003A04: 23:06:17 [TUniServerModule]:Debug Mode = ON
Admin.exe: 00003A04: 23:06:17 [TUniServerModule]:Global Cache Folder Erased. <5> Files deleted.
Admin.exe: 00003A04: 23:06:17 [TUniServerModule]:Starting HTTP Server on Port: 8077...
Admin.exe: 00003A04: 23:06:17 [TUniServerModule]:HTTP Server Started on Port: 8077
Admin.exe: 00001750: 23:06:37 [192.168.15.7]:EUniSessionException : Invalid session or session Timeout. : Addr: $0079C17B
Admin.exe: 000036A8: 23:06:43 [HandleFileRequest[192.168.15.7]]:File not found: D:\Desenvolvimento\Projeto Escola Online - Felipe\SVN Amazon\Academiadepregadores\Admin\.js
Admin.exe: 00002064: 23:07:19 []:>--------------------------------------------------------------<
Admin.exe: 00002064: 23:07:19 [TUniServerModule]:Server First Init.
Admin.exe: 00002064: 23:07:19 [TUniServerModule]:Debug Mode = ON
Admin.exe: 00002064: 23:07:19 [TUniServerModule]:Global Cache Folder Erased. <5> Files deleted.
Admin.exe: 00002064: 23:07:19 [TUniServerModule]:Starting HTTP Server on Port: 8077...
Admin.exe: 00002064: 23:07:20 [TUniServerModule]:HTTP Server Started on Port: 8077
Admin.exe: 00003934: 23:07:26 [192.168.15.7]:EUniSessionException : Invalid session or session Timeout. : Addr: $0079C17B
Admin.exe: 000029D0: 23:08:15 []:>--------------------------------------------------------------<
Admin.exe: 000029D0: 23:08:15 [TUniServerModule]:Server First Init.
Admin.exe: 000029D0: 23:08:15 [TUniServerModule]:Debug Mode = ON
Admin.exe: 000029D0: 23:08:15 [TUniServerModule]:Global Cache Folder Erased. <5> Files deleted.
Admin.exe: 000029D0: 23:08:15 [TUniServerModule]:Starting HTTP Server on Port: 8077...
Admin.exe: 000029D0: 23:08:15 [TUniServerModule]:HTTP Server Started on Port: 8077
Admin.exe: 00001B48: 23:08:24 [192.168.15.7]:EUniSessionException : Invalid session or session Timeout. : Addr: $0079C17B
Admin.exe: 00002BA4: 23:09:13 []:>--------------------------------------------------------------<
Admin.exe: 00002BA4: 23:09:13 [TUniServerModule]:Server First Init.
Admin.exe: 00002BA4: 23:09:13 [TUniServerModule]:Debug Mode = ON
Admin.exe: 00002BA4: 23:09:13 [TUniServerModule]:Global Cache Folder Erased. <5> Files deleted.
Admin.exe: 00002BA4: 23:09:13 [TUniServerModule]:Starting HTTP Server on Port: 8077...
Admin.exe: 00002BA4: 23:09:13 [TUniServerModule]:HTTP Server Started on Port: 8077
Admin.exe: 00000ADC: 23:09:26 [192.168.15.7]:EUniSessionException : Invalid session or session Timeout. : Addr: $0079C17B
Admin.exe: 00003534: 23:09:30 [HandleFileRequest[192.168.15.7]]:File not found: D:\Desenvolvimento\Projeto Escola Online - Felipe\SVN Amazon\Academiadepregadores\Admin\.js
Admin.exe: 00003940: 23:09:47 []:>--------------------------------------------------------------<
Admin.exe: 00003940: 23:09:47 [TUniServerModule]:Server First Init.
Admin.exe: 00003940: 23:09:47 [TUniServerModule]:Debug Mode = ON
Admin.exe: 00003940: 23:09:48 [TUniServerModule]:Global Cache Folder Erased. <5> Files deleted.
Admin.exe: 00003940: 23:09:48 [TUniServerModule]:Starting HTTP Server on Port: 8077...
Admin.exe: 00003940: 23:09:48 [TUniServerModule]:HTTP Server Started on Port: 8077
Admin.exe: 000030F0: 23:09:53 [192.168.15.7]:EUniSessionException : Invalid session or session Timeout. : Addr: $0079C17B
Admin.exe: 00000200: 23:10:40 []:>--------------------------------------------------------------<
Admin.exe: 00000200: 23:10:40 [TUniServerModule]:Server First Init.
Admin.exe: 00000200: 23:10:40 [TUniServerModule]:Debug Mode = ON
Admin.exe: 00000200: 23:10:40 [TUniServerModule]:Global Cache Folder Erased. <5> Files deleted.
Admin.exe: 00000200: 23:10:40 [TUniServerModule]:Starting HTTP Server on Port: 8077...
Admin.exe: 00000200: 23:10:40 [TUniServerModule]:HTTP Server Started on Port: 8077
Admin.exe: 00002CB4: 23:10:51 [192.168.15.7]:EUniSessionException : Invalid session or session Timeout. : Addr: $0079C17B
Admin.exe: 000012D4: 23:11:31 []:>--------------------------------------------------------------<
Admin.exe: 000012D4: 23:11:31 [TUniServerModule]:Server First Init.
Admin.exe: 000012D4: 23:11:31 [TUniServerModule]:Debug Mode = ON
Admin.exe: 000012D4: 23:11:31 [TUniServerModule]:Global Cache Folder Erased. <5> Files deleted.
Admin.exe: 000012D4: 23:11:31 [TUniServerModule]:Starting HTTP Server on Port: 8077...
Admin.exe: 000012D4: 23:11:31 [TUniServerModule]:HTTP Server Started on Port: 8077
Admin.exe: 0000014C: 23:11:39 [192.168.15.7]:EUniSessionException : Invalid session or session Timeout. : Addr: $0079C17B
Admin.exe: 00003040: 23:13:37 []:>--------------------------------------------------------------<
Admin.exe: 00003040: 23:13:37 [TUniServerModule]:Server First Init.
Admin.exe: 00003040: 23:13:37 [TUniServerModule]:Debug Mode = ON
Admin.exe: 00003040: 23:13:37 [TUniServerModule]:Global Cache Folder Erased. <6> Files deleted.
Admin.exe: 00003040: 23:13:37 [TUniServerModule]:Starting HTTP Server on Port: 8077...
Admin.exe: 00003040: 23:13:37 [TUniServerModule]:HTTP Server Started on Port: 8077
Admin.exe: 00001DF4: 23:13:51 [192.168.15.7]:EUniSessionException : Invalid session or session Timeout. : Addr: $0079C17B
Admin.exe: 00002BFC: 23:14:45 []:>--------------------------------------------------------------<
Admin.exe: 00002BFC: 23:14:45 [TUniServerModule]:Server First Init.
Admin.exe: 00002BFC: 23:14:45 [TUniServerModule]:Debug Mode = ON
Admin.exe: 00002BFC: 23:14:45 [TUniServerModule]:Global Cache Folder Erased. <10> Files deleted.
Admin.exe: 00002BFC: 23:14:45 [TUniServerModule]:Starting HTTP Server on Port: 8077...
Admin.exe: 00002BFC: 23:14:45 [TUniServerModule]:HTTP Server Started on Port: 8077
Admin.exe: 00002830: 23:15:00 [192.168.15.7]:EUniSessionException : Invalid session or session Timeout. : Addr: $0079C17B
Admin.exe: 00002C88: 23:16:11 []:>--------------------------------------------------------------<
Admin.exe: 00002C88: 23:16:11 [TUniServerModule]:Server First Init.
Admin.exe: 00002C88: 23:16:11 [TUniServerModule]:Debug Mode = ON
Admin.exe: 00002C88: 23:16:12 [TUniServerModule]:Global Cache Folder Erased. <8> Files deleted.
Admin.exe: 00002C88: 23:16:12 [TUniServerModule]:Starting HTTP Server on Port: 8077...
Admin.exe: 00002C88: 23:16:12 [TUniServerModule]:HTTP Server Started on Port: 8077
Admin.exe: 00001464: 23:16:42 []:>--------------------------------------------------------------<
Admin.exe: 00001464: 23:16:42 [TUniServerModule]:Server First Init.
Admin.exe: 00001464: 23:16:42 [TUniServerModule]:Debug Mode = ON
Admin.exe: 00001464: 23:16:42 [TUniServerModule]:Starting HTTP Server on Port: 8077...
Admin.exe: 00001464: 23:16:42 [TUniServerModule]:HTTP Server Started on Port: 8077
Admin.exe: 000012C4: 23:16:55 [192.168.15.7]:EUniSessionException : Invalid session or session Timeout. : Addr: $0079C17B
Admin.exe: 000003DC: 23:20:25 [192.168.15.7]:ESQLiteNativeException : [FireDAC][Phys][SQLite] ERROR: no such table: USUARIOS : Addr: $007E0B9A
